Determining if the pthread_create exist failed with the following output:
Change Dir: /home/pmessan/qt-gui/build/CMakeFiles/CMakeTmp

Run Build Command:"/usr/bin/make" "cmTC_51a96/fast"
/usr/bin/make -f CMakeFiles/cmTC_51a96.dir/build.make CMakeFiles/cmTC_51a96.dir/build
make[1]: Entering directory '/home/pmessan/qt-gui/build/CMakeFiles/CMakeTmp'
Building C object CMakeFiles/cmTC_51a96.dir/CheckSymbolExists.c.o
/usr/bin/cc    -o CMakeFiles/cmTC_51a96.dir/CheckSymbolExists.c.o   -c /home/pmessan/qt-gui/build/CMakeFiles/CMakeTmp/CheckSymbolExists.c
Linking C executable cmTC_51a96
/usr/bin/cmake -E cmake_link_script CMakeFiles/cmTC_51a96.dir/link.txt --verbose=1
/usr/bin/cc      -rdynamic CMakeFiles/cmTC_51a96.dir/CheckSymbolExists.c.o  -o cmTC_51a96 
CMakeFiles/cmTC_51a96.dir/CheckSymbolExists.c.o: In function `main':
CheckSymbolExists.c:(.text+0x1b): undefined reference to `pthread_create'
collect2: error: ld returned 1 exit status
CMakeFiles/cmTC_51a96.dir/build.make:97: recipe for target 'cmTC_51a96' failed
make[1]: *** [cmTC_51a96] Error 1
make[1]: Leaving directory '/home/pmessan/qt-gui/build/CMakeFiles/CMakeTmp'
Makefile:126: recipe for target 'cmTC_51a96/fast' failed
make: *** [cmTC_51a96/fast] Error 2

File /home/pmessan/qt-gui/build/CMakeFiles/CMakeTmp/CheckSymbolExists.c:
/* */
#include <pthread.h>

int main(int argc, char** argv)
{
  (void)argv;
#ifndef pthread_create
  return ((int*)(&pthread_create))[argc];
#else
  (void)argc;
  return 0;
#endif
}

Determining if the function pthread_create exists in the pthreads failed with the following output:
Change Dir: /home/pmessan/qt-gui/build/CMakeFiles/CMakeTmp

Run Build Command:"/usr/bin/make" "cmTC_4716d/fast"
/usr/bin/make -f CMakeFiles/cmTC_4716d.dir/build.make CMakeFiles/cmTC_4716d.dir/build
make[1]: Entering directory '/home/pmessan/qt-gui/build/CMakeFiles/CMakeTmp'
Building C object CMakeFiles/cmTC_4716d.dir/CheckFunctionExists.c.o
/usr/bin/cc   -DCHECK_FUNCTION_EXISTS=pthread_create   -o CMakeFiles/cmTC_4716d.dir/CheckFunctionExists.c.o   -c /usr/share/cmake-3.10/Modules/CheckFunctionExists.c
Linking C executable cmTC_4716d
/usr/bin/cmake -E cmake_link_script CMakeFiles/cmTC_4716d.dir/link.txt --verbose=1
/usr/bin/cc  -DCHECK_FUNCTION_EXISTS=pthread_create    -rdynamic CMakeFiles/cmTC_4716d.dir/CheckFunctionExists.c.o  -o cmTC_4716d -lpthreads 
/usr/bin/ld: cannot find -lpthreads
collect2: error: ld returned 1 exit status
CMakeFiles/cmTC_4716d.dir/build.make:97: recipe for target 'cmTC_4716d' failed
make[1]: *** [cmTC_4716d] Error 1
make[1]: Leaving directory '/home/pmessan/qt-gui/build/CMakeFiles/CMakeTmp'
Makefile:126: recipe for target 'cmTC_4716d/fast' failed
make: *** [cmTC_4716d/fast] Error 2


Determining if the Q_WS_WIN exist failed with the following output:
Change Dir: /home/pmessan/qt-gui/build/CMakeFiles/CMakeTmp

Run Build Command:"/usr/bin/make" "cmTC_02232/fast"
make[1]: Entering directory '/home/pmessan/qt-gui/build/CMakeFiles/CMakeTmp'
/usr/bin/make -f CMakeFiles/cmTC_02232.dir/build.make CMakeFiles/cmTC_02232.dir/build
make[2]: Entering directory '/home/pmessan/qt-gui/build/CMakeFiles/CMakeTmp'
Building CXX object CMakeFiles/cmTC_02232.dir/CheckSymbolExists.cxx.o
/usr/bin/c++   -I/usr/include/qt4   -o CMakeFiles/cmTC_02232.dir/CheckSymbolExists.cxx.o -c /home/pmessan/qt-gui/build/CMakeFiles/CMakeTmp/CheckSymbolExists.cxx
/home/pmessan/qt-gui/build/CMakeFiles/CMakeTmp/CheckSymbolExists.cxx: In function 'int main(int, char**)':
/home/pmessan/qt-gui/build/CMakeFiles/CMakeTmp/CheckSymbolExists.cxx:8:19: error: 'Q_WS_WIN' was not declared in this scope
    8 |   return ((int*)(&Q_WS_WIN))[argc];
      |                   ^~~~~~~~
CMakeFiles/cmTC_02232.dir/build.make:65: recipe for target 'CMakeFiles/cmTC_02232.dir/CheckSymbolExists.cxx.o' failed
make[2]: *** [CMakeFiles/cmTC_02232.dir/CheckSymbolExists.cxx.o] Error 1
make[2]: Leaving directory '/home/pmessan/qt-gui/build/CMakeFiles/CMakeTmp'
Makefile:126: recipe for target 'cmTC_02232/fast' failed
make[1]: *** [cmTC_02232/fast] Error 2
make[1]: Leaving directory '/home/pmessan/qt-gui/build/CMakeFiles/CMakeTmp'

File /home/pmessan/qt-gui/build/CMakeFiles/CMakeTmp/CheckSymbolExists.cxx:
/* */
#include <QtCore/qglobal.h>

int main(int argc, char** argv)
{
  (void)argv;
#ifndef Q_WS_WIN
  return ((int*)(&Q_WS_WIN))[argc];
#else
  (void)argc;
  return 0;
#endif
}

Determining if the Q_WS_QWS exist failed with the following output:
Change Dir: /home/pmessan/qt-gui/build/CMakeFiles/CMakeTmp

Run Build Command:"/usr/bin/make" "cmTC_799f8/fast"
make[1]: Entering directory '/home/pmessan/qt-gui/build/CMakeFiles/CMakeTmp'
/usr/bin/make -f CMakeFiles/cmTC_799f8.dir/build.make CMakeFiles/cmTC_799f8.dir/build
make[2]: Entering directory '/home/pmessan/qt-gui/build/CMakeFiles/CMakeTmp'
Building CXX object CMakeFiles/cmTC_799f8.dir/CheckSymbolExists.cxx.o
/usr/bin/c++   -I/usr/include/qt4   -o CMakeFiles/cmTC_799f8.dir/CheckSymbolExists.cxx.o -c /home/pmessan/qt-gui/build/CMakeFiles/CMakeTmp/CheckSymbolExists.cxx
/home/pmessan/qt-gui/build/CMakeFiles/CMakeTmp/CheckSymbolExists.cxx: In function 'int main(int, char**)':
/home/pmessan/qt-gui/build/CMakeFiles/CMakeTmp/CheckSymbolExists.cxx:8:19: error: 'Q_WS_QWS' was not declared in this scope
    8 |   return ((int*)(&Q_WS_QWS))[argc];
      |                   ^~~~~~~~
CMakeFiles/cmTC_799f8.dir/build.make:65: recipe for target 'CMakeFiles/cmTC_799f8.dir/CheckSymbolExists.cxx.o' failed
make[2]: *** [CMakeFiles/cmTC_799f8.dir/CheckSymbolExists.cxx.o] Error 1
make[2]: Leaving directory '/home/pmessan/qt-gui/build/CMakeFiles/CMakeTmp'
Makefile:126: recipe for target 'cmTC_799f8/fast' failed
make[1]: *** [cmTC_799f8/fast] Error 2
make[1]: Leaving directory '/home/pmessan/qt-gui/build/CMakeFiles/CMakeTmp'

File /home/pmessan/qt-gui/build/CMakeFiles/CMakeTmp/CheckSymbolExists.cxx:
/* */
#include <QtCore/qglobal.h>

int main(int argc, char** argv)
{
  (void)argv;
#ifndef Q_WS_QWS
  return ((int*)(&Q_WS_QWS))[argc];
#else
  (void)argc;
  return 0;
#endif
}

Determining if the Q_WS_MAC exist failed with the following output:
Change Dir: /home/pmessan/qt-gui/build/CMakeFiles/CMakeTmp

Run Build Command:"/usr/bin/make" "cmTC_953ef/fast"
make[1]: Entering directory '/home/pmessan/qt-gui/build/CMakeFiles/CMakeTmp'
/usr/bin/make -f CMakeFiles/cmTC_953ef.dir/build.make CMakeFiles/cmTC_953ef.dir/build
make[2]: Entering directory '/home/pmessan/qt-gui/build/CMakeFiles/CMakeTmp'
Building CXX object CMakeFiles/cmTC_953ef.dir/CheckSymbolExists.cxx.o
/usr/bin/c++   -I/usr/include/qt4   -o CMakeFiles/cmTC_953ef.dir/CheckSymbolExists.cxx.o -c /home/pmessan/qt-gui/build/CMakeFiles/CMakeTmp/CheckSymbolExists.cxx
/home/pmessan/qt-gui/build/CMakeFiles/CMakeTmp/CheckSymbolExists.cxx: In function 'int main(int, char**)':
/home/pmessan/qt-gui/build/CMakeFiles/CMakeTmp/CheckSymbolExists.cxx:8:19: error: 'Q_WS_MAC' was not declared in this scope
    8 |   return ((int*)(&Q_WS_MAC))[argc];
      |                   ^~~~~~~~
CMakeFiles/cmTC_953ef.dir/build.make:65: recipe for target 'CMakeFiles/cmTC_953ef.dir/CheckSymbolExists.cxx.o' failed
make[2]: *** [CMakeFiles/cmTC_953ef.dir/CheckSymbolExists.cxx.o] Error 1
make[2]: Leaving directory '/home/pmessan/qt-gui/build/CMakeFiles/CMakeTmp'
Makefile:126: recipe for target 'cmTC_953ef/fast' failed
make[1]: *** [cmTC_953ef/fast] Error 2
make[1]: Leaving directory '/home/pmessan/qt-gui/build/CMakeFiles/CMakeTmp'

File /home/pmessan/qt-gui/build/CMakeFiles/CMakeTmp/CheckSymbolExists.cxx:
/* */
#include <QtCore/qglobal.h>

int main(int argc, char** argv)
{
  (void)argv;
#ifndef Q_WS_MAC
  return ((int*)(&Q_WS_MAC))[argc];
#else
  (void)argc;
  return 0;
#endif
}

